This is pdfTeX, Version 3.141592653-2.6-1.40.24 (TeX Live 2022/Debian) (preloaded format=pdflatex 2022.11.11)  18 NOV 2022 12:03
entering extended mode
 restricted \write18 enabled.
 file:line:error style messages enabled.
 %&-line parsing enabled.
**/home/kaliw/GITHUB/BIOINFORMATICS/Caracterizacion_Proteina/ProteinaHipoteticaCerebro.tex
(/home/kaliw/GITHUB/BIOINFORMATICS/Caracterizacion_Proteina/ProteinaHipoteticaCerebro.tex
LaTeX2e <2022-06-01> patch level 5
L3 programming layer <2022-08-30> (/usr/share/texlive/texmf-dist/tex/latex/ieeetran/IEEEtran.cls
Document Class: IEEEtran 2015/08/26 V1.8b by Michael Shell
-- See the "IEEEtran_HOWTO" manual for usage information.
-- http://www.michaelshell.org/tex/ieeetran/
\@IEEEtrantmpdimenA=\dimen138
\@IEEEtrantmpdimenB=\dimen139
\@IEEEtrantmpdimenC=\dimen140
\@IEEEtrantmpcountA=\count185
\@IEEEtrantmpcountB=\count186
\@IEEEtrantmpcountC=\count187
\@IEEEtrantmptoksA=\toks16
LaTeX Font Info:    Trying to load font information for OT1+ptm on input line 503.
(/usr/share/texlive/texmf-dist/tex/latex/psnfss/ot1ptm.fd
File: ot1ptm.fd 2001/06/04 font definitions for OT1/ptm.
)
-- Using 8.5in x 11in (letter) paper.
-- Using PDF output.
\@IEEEnormalsizeunitybaselineskip=\dimen141
-- This is a 10 point document.
\CLASSINFOnormalsizebaselineskip=\dimen142
\CLASSINFOnormalsizeunitybaselineskip=\dimen143
\IEEEnormaljot=\dimen144
LaTeX Font Info:    Font shape `OT1/ptm/bx/n' in size <5> not available
(Font)              Font shape `OT1/ptm/b/n' tried instead on input line 1090.
LaTeX Font Info:    Font shape `OT1/ptm/bx/it' in size <5> not available
(Font)              Font shape `OT1/ptm/b/it' tried instead on input line 1090.
LaTeX Font Info:    Font shape `OT1/ptm/bx/n' in size <7> not available
(Font)              Font shape `OT1/ptm/b/n' tried instead on input line 1090.
LaTeX Font Info:    Font shape `OT1/ptm/bx/it' in size <7> not available
(Font)              Font shape `OT1/ptm/b/it' tried instead on input line 1090.
LaTeX Font Info:    Font shape `OT1/ptm/bx/n' in size <8> not available
(Font)              Font shape `OT1/ptm/b/n' tried instead on input line 1090.
LaTeX Font Info:    Font shape `OT1/ptm/bx/it' in size <8> not available
(Font)              Font shape `OT1/ptm/b/it' tried instead on input line 1090.
LaTeX Font Info:    Font shape `OT1/ptm/bx/n' in size <9> not available
(Font)              Font shape `OT1/ptm/b/n' tried instead on input line 1090.
LaTeX Font Info:    Font shape `OT1/ptm/bx/it' in size <9> not available
(Font)              Font shape `OT1/ptm/b/it' tried instead on input line 1090.
LaTeX Font Info:    Font shape `OT1/ptm/bx/n' in size <10> not available
(Font)              Font shape `OT1/ptm/b/n' tried instead on input line 1090.
LaTeX Font Info:    Font shape `OT1/ptm/bx/it' in size <10> not available
(Font)              Font shape `OT1/ptm/b/it' tried instead on input line 1090.
LaTeX Font Info:    Font shape `OT1/ptm/bx/n' in size <11> not available
(Font)              Font shape `OT1/ptm/b/n' tried instead on input line 1090.
LaTeX Font Info:    Font shape `OT1/ptm/bx/it' in size <11> not available
(Font)              Font shape `OT1/ptm/b/it' tried instead on input line 1090.
LaTeX Font Info:    Font shape `OT1/ptm/bx/n' in size <12> not available
(Font)              Font shape `OT1/ptm/b/n' tried instead on input line 1090.
LaTeX Font Info:    Font shape `OT1/ptm/bx/it' in size <12> not available
(Font)              Font shape `OT1/ptm/b/it' tried instead on input line 1090.
LaTeX Font Info:    Font shape `OT1/ptm/bx/n' in size <17> not available
(Font)              Font shape `OT1/ptm/b/n' tried instead on input line 1090.
LaTeX Font Info:    Font shape `OT1/ptm/bx/it' in size <17> not available
(Font)              Font shape `OT1/ptm/b/it' tried instead on input line 1090.
LaTeX Font Info:    Font shape `OT1/ptm/bx/n' in size <20> not available
(Font)              Font shape `OT1/ptm/b/n' tried instead on input line 1090.
LaTeX Font Info:    Font shape `OT1/ptm/bx/it' in size <20> not available
(Font)              Font shape `OT1/ptm/b/it' tried instead on input line 1090.
LaTeX Font Info:    Font shape `OT1/ptm/bx/n' in size <24> not available
(Font)              Font shape `OT1/ptm/b/n' tried instead on input line 1090.
LaTeX Font Info:    Font shape `OT1/ptm/bx/it' in size <24> not available
(Font)              Font shape `OT1/ptm/b/it' tried instead on input line 1090.
\IEEEquantizedlength=\dimen145
\IEEEquantizedlengthdiff=\dimen146
\IEEEquantizedtextheightdiff=\dimen147
\IEEEilabelindentA=\dimen148
\IEEEilabelindentB=\dimen149
\IEEEilabelindent=\dimen150
\IEEEelabelindent=\dimen151
\IEEEdlabelindent=\dimen152
\IEEElabelindent=\dimen153
\IEEEiednormlabelsep=\dimen154
\IEEEiedmathlabelsep=\dimen155
\IEEEiedtopsep=\skip47
\c@section=\count188
\c@subsection=\count189
\c@subsubsection=\count190
\c@paragraph=\count191
\c@IEEEsubequation=\count192
\abovecaptionskip=\skip48
\belowcaptionskip=\skip49
\c@figure=\count193
\c@table=\count194
\@IEEEeqnnumcols=\count195
\@IEEEeqncolcnt=\count196
\@IEEEsubeqnnumrollback=\count197
\@IEEEquantizeheightA=\dimen156
\@IEEEquantizeheightB=\dimen157
\@IEEEquantizeheightC=\dimen158
\@IEEEquantizeprevdepth=\dimen159
\@IEEEquantizemultiple=\count198
\@IEEEquantizeboxA=\box51
\@IEEEtmpitemindent=\dimen160
\IEEEPARstartletwidth=\dimen161
\c@IEEEbiography=\count199
\@IEEEtranrubishbin=\box52
) (/usr/share/texlive/texmf-dist/tex/latex/enumitem/enumitem.sty
Package: enumitem 2019/06/20 v3.9 Customized lists
\enitkv@toks@=\toks17
\labelindent=\skip50
\enit@outerparindent=\dimen162
\enit@toks=\toks18
\enit@inbox=\box53
\enit@count@id=\count266
\enitdp@description=\count267
) (/usr/share/texlive/texmf-dist/tex/latex/graphics/graphicx.sty
Package: graphicx 2021/09/16 v1.2d Enhanced LaTeX Graphics (DPC,SPQR)
 (/usr/share/texlive/texmf-dist/tex/latex/graphics/keyval.sty
Package: keyval 2022/05/29 v1.15 key=value parser (DPC)
\KV@toks@=\toks19
) (/usr/share/texlive/texmf-dist/tex/latex/graphics/graphics.sty
Package: graphics 2022/03/10 v1.4e Standard LaTeX Graphics (DPC,SPQR)
 (/usr/share/texlive/texmf-dist/tex/latex/graphics/trig.sty
Package: trig 2021/08/11 v1.11 sin cos tan (DPC)
) (/usr/share/texlive/texmf-dist/tex/latex/graphics-cfg/graphics.cfg
File: graphics.cfg 2016/06/04 v1.11 sample graphics configuration
)
Package graphics Info: Driver file: pdftex.def on input line 107.
 (/usr/share/texlive/texmf-dist/tex/latex/graphics-def/pdftex.def
File: pdftex.def 2020/10/05 v1.2a Graphics/color driver for pdftex
))
\Gin@req@height=\dimen163
\Gin@req@width=\dimen164
) (/usr/share/texlive/texmf-dist/tex/latex/l3backend/l3backend-pdftex.def
File: l3backend-pdftex.def 2022-08-30 L3 backend support: PDF output (pdfTeX)
\l__color_backend_stack_int=\count268
\l__pdf_internal_box=\box54
) (./ProteinaHipoteticaCerebro.aux

LaTeX Warning: Label `IEEEhowto:Monteria' multiply defined.

)
\openout1 = `ProteinaHipoteticaCerebro.aux'.

LaTeX Font Info:    Checking defaults for OML/cmm/m/it on input line 51.
LaTeX Font Info:    ... okay on input line 51.
LaTeX Font Info:    Checking defaults for OMS/cmsy/m/n on input line 51.
LaTeX Font Info:    ... okay on input line 51.
LaTeX Font Info:    Checking defaults for OT1/cmr/m/n on input line 51.
LaTeX Font Info:    ... okay on input line 51.
LaTeX Font Info:    Checking defaults for T1/cmr/m/n on input line 51.
LaTeX Font Info:    ... okay on input line 51.
LaTeX Font Info:    Checking defaults for TS1/cmr/m/n on input line 51.
LaTeX Font Info:    ... okay on input line 51.
LaTeX Font Info:    Checking defaults for OMX/cmex/m/n on input line 51.
LaTeX Font Info:    ... okay on input line 51.
LaTeX Font Info:    Checking defaults for U/cmr/m/n on input line 51.
LaTeX Font Info:    ... okay on input line 51.

-- Lines per column: 58 (exact).
(/usr/share/texlive/texmf-dist/tex/context/base/mkii/supp-pdf.mkii
[Loading MPS to PDF converter (version 2006.09.02).]
\scratchcounter=\count269
\scratchdimen=\dimen165
\scratchbox=\box55
\nofMPsegments=\count270
\nofMParguments=\count271
\everyMPshowfont=\toks20
\MPscratchCnt=\count272
\MPscratchDim=\dimen166
\MPnumerator=\count273
\makeMPintoPDFobject=\count274
\everyMPtoPDFconversion=\toks21
) (/usr/share/texlive/texmf-dist/tex/latex/epstopdf-pkg/epstopdf-base.sty
Package: epstopdf-base 2020-01-24 v2.11 Base part for package epstopdf
 (/usr/share/texlive/texmf-dist/tex/generic/infwarerr/infwarerr.sty
Package: infwarerr 2019/12/03 v1.5 Providing info/warning/error messages (HO)
) (/usr/share/texlive/texmf-dist/tex/latex/grfext/grfext.sty
Package: grfext 2019/12/03 v1.3 Manage graphics extensions (HO)
 (/usr/share/texlive/texmf-dist/tex/generic/kvdefinekeys/kvdefinekeys.sty
Package: kvdefinekeys 2019-12-19 v1.6 Define keys (HO)
)) (/usr/share/texlive/texmf-dist/tex/latex/kvoptions/kvoptions.sty
Package: kvoptions 2022-06-15 v3.15 Key value format for package options (HO)
 (/usr/share/texlive/texmf-dist/tex/generic/ltxcmds/ltxcmds.sty
Package: ltxcmds 2020-05-10 v1.25 LaTeX kernel commands for general use (HO)
) (/usr/share/texlive/texmf-dist/tex/generic/kvsetkeys/kvsetkeys.sty
Package: kvsetkeys 2019/12/15 v1.18 Key value parser (HO)
)) (/usr/share/texlive/texmf-dist/tex/generic/pdftexcmds/pdftexcmds.sty
Package: pdftexcmds 2020-06-27 v0.33 Utility functions of pdfTeX for LuaTeX (HO)
 (/usr/share/texlive/texmf-dist/tex/generic/iftex/iftex.sty
Package: iftex 2022/02/03 v1.0f TeX engine tests
)
Package pdftexcmds Info: \pdf@primitive is available.
Package pdftexcmds Info: \pdf@ifprimitive is available.
Package pdftexcmds Info: \pdfdraftmode found.
)
Package epstopdf-base Info: Redefining graphics rule for `.eps' on input line 485.
Package grfext Info: Graphics extension search list:
(grfext)             [.pdf,.png,.jpg,.mps,.jpeg,.jbig2,.jb2,.PDF,.PNG,.JPG,.JPEG,.JBIG2,.JB2,.eps]
(grfext)             \AppendGraphicsExtensions on input line 504.
 (/usr/share/texlive/texmf-dist/tex/latex/latexconfig/epstopdf-sys.cfg
File: epstopdf-sys.cfg 2010/07/13 v1.3 Configuration of (r)epstopdf for TeX Live
))

LaTeX Font Warning: Font shape `OT1/ptm/b/scit' undefined
(Font)              using `OT1/ptm/b/it' instead on input line 75.

LaTeX Font Info:    External font `cmex10' loaded for size
(Font)              <7> on input line 75.
LaTeX Font Info:    External font `cmex10' loaded for size
(Font)              <5> on input line 75.

LaTeX Font Warning: Font shape `OT1/ptm/b/scit' undefined
(Font)              using `OT1/ptm/b/it' instead on input line 75.


LaTeX Font Warning: Font shape `OT1/ptm/b/scit' undefined
(Font)              using `OT1/ptm/b/it' instead on input line 75.

[1{/var/lib/texmf/fonts/map/pdftex/updmap/pdftex.map}


]
Underfull \hbox (badness 10000) in paragraph at lines 97--98
[]\OT1/ptm/m/n/10 Se im-ple-ment[]o MUS-CLE ($\OML/cmm/m/it/10 https \OT1/cmr/m/n/10 :
 []


Underfull \hbox (badness 10000) in paragraph at lines 97--98
\OML/cmm/m/it/10 ==www:ebi:ac:uk=Tools=msa=muscle=$\OT1/ptm/m/n/10 ), her-ramienta
 []


Underfull \hbox (badness 1845) in paragraph at lines 101--102
[]\OT1/ptm/m/n/10 Se de-ter-mi-naron las propiedades fisi-coqu[]^^Pmicas de la
 []


Underfull \hbox (badness 7907) in paragraph at lines 105--106
[]\OT1/ptm/m/n/10 Se uti-liz[]o DeepLoc ($\OML/cmm/m/it/10 http \OT1/cmr/m/n/10 : \OML/cmm/m/it/10 ==deeploc:cs:uni \OMS/cmsy/m/n/10 ^^@
 []


Underfull \hbox (badness 10000) in paragraph at lines 113--114
[]\OT1/ptm/m/n/10 La plataforma de PSIPRED ($\OML/cmm/m/it/10 http \OT1/cmr/m/n/10 :
 []


Underfull \hbox (badness 5388) in paragraph at lines 113--114
\OML/cmm/m/it/10 ==bioinf:cs:ucl:ac:uk=psipred=$\OT1/ptm/m/n/10 ) nos per-miti[]o vi-su-alizar
 []


Underfull \hbox (badness 3291) in paragraph at lines 113--114
\OT1/ptm/m/n/10 de la prote[]^^Pna. Del mismo modo, SOPMA ($\OML/cmm/m/it/10 https \OT1/cmr/m/n/10 :
 []


Underfull \hbox (badness 10000) in paragraph at lines 113--114
\OML/cmm/m/it/10 npsa\OT1/cmr/m/n/10 %20[]\OML/cmm/m/it/10 opma:html$\OT1/ptm/m/n/10 ) ar-roja in-for-maci[]on so-bre las
 []


Underfull \hbox (badness 1590) in paragraph at lines 121--122
[]\OT1/ptm/m/n/10 La eval-u-aci[]on de los mod-e-los tridi-men-sion-ales predi-
 []


Underfull \hbox (badness 1902) in paragraph at lines 121--122
\OT1/ptm/m/n/10 chos por Swiss Model, Al-phafold y Phyre2 se evalu[]o
 []


Underfull \hbox (badness 10000) in paragraph at lines 125--126
[]\OT1/ptm/m/n/10 A pe-sar de la falta de in-for-maci[]on so-bre
 []


Underfull \hbox (badness 10000) in paragraph at lines 125--126
\OT1/ptm/m/n/10 la es-truc-tura tridi-men-sional de la prote[]^^Pna
 []


Underfull \hbox (badness 10000) in paragraph at lines 125--126
\OT1/ptm/m/n/10 hipot[]etica, se uti-liz[]o el pro-grama CASTp ($\OML/cmm/m/it/10 http \OT1/cmr/m/n/10 :
 []


Underfull \hbox (badness 10000) in paragraph at lines 125--126
\OML/cmm/m/it/10 ==sts:bioe:uic:edu=castp=index:html\OT1/cmr/m/n/10 ?2\OML/cmm/m/it/10 was$\OT1/ptm/m/n/10 ) para
 []

<imagenes/flujograma.png, id=10, 121.45375pt x 864.22874pt>
File: imagenes/flujograma.png Graphic file (type png)
<use imagenes/flujograma.png>
Package pdftex.def Info: imagenes/flujograma.png  used on input line 132.
(pdftex.def)             Requested size: 56.9055pt x 404.9216pt.

LaTeX Warning: `!h' float specifier changed to `!ht'.

<imagenes/similitudes.png, id=12, 429.40425pt x 265.59225pt>
File: imagenes/similitudes.png Graphic file (type png)
<use imagenes/similitudes.png>
Package pdftex.def Info: imagenes/similitudes.png  used on input line 142.
(pdftex.def)             Requested size: 241.84842pt x 149.58978pt.

LaTeX Warning: `!h' float specifier changed to `!ht'.

LaTeX Font Info:    External font `cmex10' loaded for size
(Font)              <8> on input line 150.
LaTeX Font Info:    External font `cmex10' loaded for size
(Font)              <6> on input line 150.

LaTeX Warning: `!h' float specifier changed to `!ht'.


Overfull \hbox (3.55188pt too wide) in paragraph at lines 168--178
[][] 
 []

[2]
<imagenes/arbol3.png, id=20, 469.755pt x 101.62968pt>
File: imagenes/arbol3.png Graphic file (type png)
<use imagenes/arbol3.png>
Package pdftex.def Info: imagenes/arbol3.png  used on input line 188.
(pdftex.def)             Requested size: 241.84842pt x 52.32202pt.
 [3 <./imagenes/flujograma.png> <./imagenes/similitudes.png> <./imagenes/arbol3.png>]
LaTeX Font Info:    Trying to load font information for TS1+ptm on input line 220.
 (/usr/share/texlive/texmf-dist/tex/latex/psnfss/ts1ptm.fd
File: ts1ptm.fd 2001/06/04 font definitions for TS1/ptm.
)
<imagenes/localizacion.png, id=31, 451.6875pt x 358.33875pt>
File: imagenes/localizacion.png Graphic file (type png)
<use imagenes/localizacion.png>
Package pdftex.def Info: imagenes/localizacion.png  used on input line 236.
(pdftex.def)             Requested size: 241.84842pt x 191.87064pt.


LaTeX Warning: `!h' float specifier changed to `!ht'.

<imagenes/loca.png, id=32, 274.02374pt x 389.455pt>
File: imagenes/loca.png Graphic file (type png)
<use imagenes/loca.png>
Package pdftex.def Info: imagenes/loca.png  used on input line 244.
(pdftex.def)             Requested size: 199.16928pt x 283.0756pt.

LaTeX Warning: `!h' float specifier changed to `!ht'.

<imagenes/loca2.png, id=33, 486.31688pt x 28.60687pt>
File: imagenes/loca2.png Graphic file (type png)
<use imagenes/loca2.png>
Package pdftex.def Info: imagenes/loca2.png  used on input line 253.
(pdftex.def)             Requested size: 241.84842pt x 14.22614pt.

LaTeX Warning: `!h' float specifier changed to `!ht'.

[4 <./imagenes/localizacion.png> <./imagenes/loca.png> <./imagenes/loca2.png>]
<imagenes/dominios.png, id=40, 1130.2225pt x 377.41pt>
File: imagenes/dominios.png Graphic file (type png)
<use imagenes/dominios.png>
Package pdftex.def Info: imagenes/dominios.png  used on input line 265.
(pdftex.def)             Requested size: 284.52756pt x 95.00876pt.

Overfull \hbox (32.52756pt too wide) in paragraph at lines 265--266
 [] 
 []

<imagenes/motivos.png, id=41, 469.755pt x 59.47218pt>
File: imagenes/motivos.png Graphic file (type png)
<use imagenes/motivos.png>
Package pdftex.def Info: imagenes/motivos.png  used on input line 274.
(pdftex.def)             Requested size: 241.84842pt x 30.61807pt.
<imagenes/secundaria.png, id=42, 437.2335pt x 281.853pt>
File: imagenes/secundaria.png Graphic file (type png)
<use imagenes/secundaria.png>
Package pdftex.def Info: imagenes/secundaria.png  used on input line 287.
(pdftex.def)             Requested size: 241.84842pt x 155.90558pt.

LaTeX Warning: `!h' float specifier changed to `!ht'.

<imagenes/barras.png, id=43, 371.88937pt x 185.19188pt>
File: imagenes/barras.png Graphic file (type png)
<use imagenes/barras.png>
Package pdftex.def Info: imagenes/barras.png  used on input line 312.
(pdftex.def)             Requested size: 241.84842pt x 120.43826pt.
<imagenes/swiss.png, id=44, 281.853pt x 166.878pt>
File: imagenes/swiss.png Graphic file (type png)
<use imagenes/swiss.png>
Package pdftex.def Info: imagenes/swiss.png  used on input line 319.
(pdftex.def)             Requested size: 241.84842pt x 143.19652pt.
[5 <./imagenes/dominios.png> <./imagenes/motivos.png> <./imagenes/secundaria.png> <./imagenes/barras.png> <./imagenes/swiss.png>]
<imagenes/alpha1.png, id=53, 335.45325pt x 76.48575pt>
File: imagenes/alpha1.png Graphic file (type png)
<use imagenes/alpha1.png>
Package pdftex.def Info: imagenes/alpha1.png  used on input line 331.
(pdftex.def)             Requested size: 241.84842pt x 55.14552pt.
<imagenes/alpha2.png, id=54, 462.72874pt x 373.395pt>
File: imagenes/alpha2.png Graphic file (type png)
<use imagenes/alpha2.png>
Package pdftex.def Info: imagenes/alpha2.png  used on input line 341.
(pdftex.def)             Requested size: 241.84842pt x 195.15788pt.
<imagenes/phyre.JPG, id=55, 269.20575pt x 267.399pt>
File: imagenes/phyre.JPG Graphic file (type jpg)
<use imagenes/phyre.JPG>
Package pdftex.def Info: imagenes/phyre.JPG  used on input line 354.
(pdftex.def)             Requested size: 170.71652pt x 169.56798pt.


LaTeX Warning: `!h' float specifier changed to `!ht'.

<imagenes/procheck.png, id=56, 469.755pt x 234.8775pt>
File: imagenes/procheck.png Graphic file (type png)
<use imagenes/procheck.png>
Package pdftex.def Info: imagenes/procheck.png  used on input line 368.
(pdftex.def)             Requested size: 241.84842pt x 120.92204pt.
<imagenes/ramachandran.png, id=57, 251.9595pt x 258.201pt>
File: imagenes/ramachandran.png Graphic file (type png)
<use imagenes/ramachandran.png>
Package pdftex.def Info: imagenes/ramachandran.png  used on input line 375.
(pdftex.def)             Requested size: 170.71652pt x 174.94792pt.

LaTeX Warning: `!h' float specifier changed to `!ht'.

[6 <./imagenes/alpha1.png> <./imagenes/alpha2.png> <./imagenes/phyre.JPG> <./imagenes/procheck.png>]
<imagenes/interaccion.png, id=63, 196.7715pt x 195.129pt>
File: imagenes/interaccion.png Graphic file (type png)
<use imagenes/interaccion.png>
Package pdftex.def Info: imagenes/interaccion.png  used on input line 391.
(pdftex.def)             Requested size: 170.71652pt x 169.29338pt.


LaTeX Warning: No positions in optional float specifier.
               Default added (so using `tbp') on input line 397.

<imagenes/activo.png, id=64, 445.665pt x 362.85562pt>
File: imagenes/activo.png Graphic file (type png)
<use imagenes/activo.png>
Package pdftex.def Info: imagenes/activo.png  used on input line 419.
(pdftex.def)             Requested size: 170.71652pt x 138.99391pt.

LaTeX Warning: `!h' float specifier changed to `!ht'.

<imagenes/seq.png, id=65, 802.197pt x 236.082pt>
File: imagenes/seq.png Graphic file (type png)
<use imagenes/seq.png>
Package pdftex.def Info: imagenes/seq.png  used on input line 427.
(pdftex.def)             Requested size: 256.0748pt x 75.36046pt.

Overfull \hbox (4.0748pt too wide) in paragraph at lines 427--428
 [] 
 []


LaTeX Warning: `!h' float specifier changed to `!ht'.


Overfull \vbox (6.36992pt too high) has occurred while \output is active []

 [7 <./imagenes/ramachandran.png> <./imagenes/interaccion.png> <./imagenes/activo.png>]

LaTeX Warning: No positions in optional float specifier.
               Default added (so using `tbp') on input line 435.


Underfull \hbox (badness 10000) in paragraph at lines 488--490
[]$\OML/cmm/m/it/8 Cochran; A:G:; Conery; A:R:\OT1/cmr/m/n/8 &\OML/cmm/m/it/8 Sims; R:J:Bromodomains \OT1/cmr/m/n/8 :
 []


Overfull \hbox (12.97548pt too wide) in paragraph at lines 488--490
\OML/cmm/m/it/8 anewtargetclassfordrugdevelopment:NatRevDrugDiscov\OT1/cmr/m/n/8 18\OML/cmm/m/it/8 ; \OT1/cmr/m/n/8 609 \OMS/cmsy/m/n/8 ^^@
 []


Overfull \hbox (77.16959pt too wide) in paragraph at lines 491--493
[]$\OML/cmm/m/it/8 ZhendongCao; KristaA:Budinich; HuaHuang; KathrinM:Bernt:\OT1/cmr/m/n/8 2021\OML/cmm/m/it/8 :ZMYND\OT1/cmr/m/n/8 8 \OMS/cmsy/m/n/8 ^^@
 []


Overfull \hbox (286.3648pt too wide) in paragraph at lines 491--493
\OML/cmm/m/it/8 regulatedIRF\OT1/cmr/m/n/8 8\OML/cmm/m/it/8 transcriptionaxisisanacutemyeloidleukemiadependency:ARTICLEMOLECULARCELLVOLUME\OT1/cmr/m/n/8 81\OML/cmm/m/it/8 ; ISSUE\OT1/cmr/m/n/8 17\OML/cmm/m/it/8 ; P\OT1/cmr/m/n/8 3604 \OMS/cmsy/m/n/8 ^^@
 []


Underfull \hbox (badness 10000) in paragraph at lines 491--493
\OT1/cmr/m/n/8 3622\OML/cmm/m/it/8 :E\OT1/cmr/m/n/8 10\OML/cmm/m/it/8 ; SEPTEMBER\OT1/cmr/m/n/8 02\OML/cmm/m/it/8 ; \OT1/cmr/m/n/8 2021\OMS/cmsy/m/n/8 ^^@ \OT1/cmr/m/n/8 : \OML/cmm/m/it/8 https \OT1/cmr/m/n/8 :
 []

[8 <./imagenes/seq.png>] (./ProteinaHipoteticaCerebro.aux)

LaTeX Warning: There were multiply-defined labels.

 ) 
Here is how much of TeX's memory you used:
 3248 strings out of 475075
 60049 string characters out of 5781541
 430225 words of memory out of 5000000
 24604 multiletter control sequences out of 15000+600000
 507552 words of font info for 90 fonts, out of 8000000 for 9000
 1144 hyphenation exceptions out of 8191
 60i,18n,67p,1680b,278s stack positions out of 10000i,1000n,20000p,200000b,200000s
{/usr/share/texlive/texmf-dist/fonts/enc/dvips/base/8r.enc}</usr/share/texlive/texmf-dist/fonts/type1/public/amsfonts/cm/cmmi10.pfb></usr/share/texlive/texmf-dist/fonts/type1/public/amsfonts/cm/cmmi6.pfb></usr/share/texlive/texmf-dist/fonts/type1/public/amsfonts/cm/cmmi7.pfb></usr/share/texlive/texmf-dist/fonts/type1/public/amsfonts/cm/cmmi8.pfb></usr/share/texlive/texmf-dist/fonts/type1/public/amsfonts/cm/cmr10.pfb></usr/share/texlive/texmf-dist/fonts/type1/public/amsfonts/cm/cmr7.pfb></usr/share/texlive/texmf-dist/fonts/type1/public/amsfonts/cm/cmr8.pfb></usr/share/texlive/texmf-dist/fonts/type1/public/amsfonts/cm/cmsy10.pfb></usr/share/texlive/texmf-dist/fonts/type1/public/amsfonts/cm/cmsy8.pfb></usr/share/texlive/texmf-dist/fonts/type1/urw/times/utmb8a.pfb></usr/share/texlive/texmf-dist/fonts/type1/urw/times/utmbi8a.pfb></usr/share/texlive/texmf-dist/fonts/type1/urw/times/utmr8a.pfb></usr/share/texlive/texmf-dist/fonts/type1/urw/times/utmri8a.pfb>
Output written on ProteinaHipoteticaCerebro.pdf (8 pages, 2033816 bytes).
PDF statistics:
 133 PDF objects out of 1000 (max. 8388607)
 61 compressed objects within 1 object stream
 0 named destinations out of 1000 (max. 500000)
 96 words of extra memory for PDF output out of 10000 (max. 10000000)

